
Oct 28, 2016 16:33:46.98 NEW SESSION
Oct 28, 2016 16:33:46.98 Created new window in existing browser session.

Oct 29, 2016 10:53:31.74 NEW SESSION
Oct 29, 2016 10:53:31.74 Created new window in existing browser session.
Oct 29, 2016 11:08:22.89 Created new window in existing browser session.
Oct 29, 2016 11:10:52.80 Created new window in existing browser session.

Nov 01, 2016 12:16:37.02 NEW SESSION
Nov 01, 2016 12:16:37.02 Created new window in existing browser session.
Nov 01, 2016 12:49:39.63 Created new window in existing browser session.
Nov 01, 2016 12:50:49.35 Created new window in existing browser session.
Nov 01, 2016 12:52:05.20 Created new window in existing browser session.
Nov 01, 2016 12:53:20.78 Created new window in existing browser session.
Nov 01, 2016 14:54:04.50 Created new window in existing browser session.
Nov 01, 2016 15:07:52.18 Created new window in existing browser session.

Nov 02, 2016 11:56:17.94 NEW SESSION
Nov 02, 2016 11:56:17.94 Created new window in existing browser session.
Nov 02, 2016 12:02:32.31 Created new window in existing browser session.
Nov 02, 2016 12:05:39.20 Created new window in existing browser session.
Nov 02, 2016 12:09:28.18 Created new window in existing browser session.
Nov 02, 2016 12:28:25.87 Created new window in existing browser session.
Nov 02, 2016 12:37:05.03 Created new window in existing browser session.

Nov 03, 2016 09:49:09.55 NEW SESSION
Nov 03, 2016 09:49:09.55 Created new window in existing browser session.
Nov 03, 2016 09:52:56.48 Created new window in existing browser session.
Nov 03, 2016 09:52:56.49 [4505:4505:1103/095256:ERROR:broker_posix.cc(41)] Invalid node channel message
Nov 03, 2016 09:55:04.43 Created new window in existing browser session.
Nov 03, 2016 09:55:20.44 Created new window in existing browser session.
Nov 03, 2016 10:00:56.02 Created new window in existing browser session.

Nov 04, 2016 10:41:51.55 NEW SESSION
Nov 04, 2016 10:41:51.55 Created new window in existing browser session.
Nov 04, 2016 10:51:47.82 Created new window in existing browser session.
Nov 04, 2016 10:52:47.33 Created new window in existing browser session.
Nov 04, 2016 10:56:30.73 Created new window in existing browser session.
Nov 04, 2016 10:59:34.67 Created new window in existing browser session.
Nov 04, 2016 11:01:57.12 Created new window in existing browser session.
Nov 04, 2016 11:10:12.32 Created new window in existing browser session.
Nov 04, 2016 11:53:07.78 Created new window in existing browser session.
Nov 04, 2016 11:56:35.30 Created new window in existing browser session.
Nov 04, 2016 12:02:07.88 Created new window in existing browser session.
Nov 04, 2016 12:13:46.40 Created new window in existing browser session.
Nov 04, 2016 12:22:30.60 Created new window in existing browser session.
Nov 04, 2016 16:14:13.49 Created new window in existing browser session.
Nov 04, 2016 16:19:56.67 Created new window in existing browser session.
Nov 04, 2016 18:18:52.06 Created new window in existing browser session.
Nov 04, 2016 18:20:20.36 Created new window in existing browser session.
Nov 04, 2016 18:25:21.78 Created new window in existing browser session.
Nov 04, 2016 18:31:27.11 Created new window in existing browser session.
Nov 04, 2016 18:33:37.81 Created new window in existing browser session.
Nov 04, 2016 18:37:01.11 Created new window in existing browser session.
Nov 04, 2016 18:38:16.38 Created new window in existing browser session.
Nov 04, 2016 18:42:56.02 Created new window in existing browser session.

Nov 09, 2016 18:08:52.06 NEW SESSION
Nov 09, 2016 18:08:52.06 Created new window in existing browser session.

Nov 12, 2016 16:20:29.35 NEW SESSION
Nov 12, 2016 16:20:29.35 Created new window in existing browser session.
Nov 12, 2016 16:30:20.83 Created new window in existing browser session.
Nov 12, 2016 16:32:41.41 Created new window in existing browser session.
Nov 12, 2016 16:35:42.25 Created new window in existing browser session.
Nov 12, 2016 16:39:03.27 Created new window in existing browser session.
Nov 12, 2016 16:40:48.17 Created new window in existing browser session.

Nov 14, 2016 10:37:35.03 NEW SESSION
Nov 14, 2016 10:37:35.03 Created new window in existing browser session.

Nov 16, 2016 09:52:16.43 NEW SESSION
Nov 16, 2016 09:52:16.43 Created new window in existing browser session.
Nov 16, 2016 09:52:33.43 Created new window in existing browser session.
Nov 16, 2016 09:53:01.63 Created new window in existing browser session.
Nov 16, 2016 09:53:49.52 Created new window in existing browser session.
Nov 16, 2016 09:54:04.90 Created new window in existing browser session.
Nov 16, 2016 09:54:16.45 Created new window in existing browser session.
Nov 16, 2016 09:54:35.23 Created new window in existing browser session.
